# JRE version: OpenJDK Runtime Environment (17.0.10) (build 17.0.10+0--11572160)
# Java VM: OpenJDK 64-Bit Server VM (17.0.10+0--11572160, mixed mode, tiered, compressed oops, compressed class ptrs, g1 gc, windows-amd64)
GC Precious Log:
 CPUs: 8 total, 8 available
 Memory: 16269M
 Large Page Support: Disabled
 NUMA Support: Disabled
 Compressed Oops: Enabled (32-bit)
 Heap Region Size: 1M
 Heap Min Capacity: 8M
 Heap Initial Capacity: 256M
 Heap Max Capacity: 2G
 Pre-touch: Disabled
 Parallel Workers: 8
 Concurrent Workers: 2
 Concurrent Refinement Workers: 8
 Periodic GC: Disabled
Heap:
 garbage-first heap   total 114688K, used 71442K [0x0000000080000000, 0x0000000100000000)
  region size 1024K, 12 young (12288K), 3 survivors (3072K)
 Metaspace       used 57625K, committed 58240K, reserved 1114112K
  class space    used 8147K, committed 8448K, reserved 1048576K
GC Heap History (20 events):
Event: 10.309 GC heap before
{Heap before GC invocations=12 (full 0):
 garbage-first heap   total 73728K, used 55522K [0x0000000080000000, 0x0000000100000000)
  region size 1024K, 17 young (17408K), 3 survivors (3072K)
 Metaspace       used 43681K, committed 44032K, reserved 1114112K
  class space    used 5888K, committed 6080K, reserved 1048576K
}
Event: 10.315 GC heap after
{Heap after GC invocations=13 (full 0):
 garbage-first heap   total 73728K, used 43984K [0x0000000080000000, 0x0000000100000000)
  region size 1024K, 2 young (2048K), 2 survivors (2048K)
 Metaspace       used 43681K, committed 44032K, reserved 1114112K
  class space    used 5888K, committed 6080K, reserved 1048576K
}
Event: 10.460 GC heap before
{Heap before GC invocations=13 (full 0):
 garbage-first heap   total 73728K, used 58320K [0x0000000080000000, 0x0000000100000000)
  region size 1024K, 16 young (16384K), 2 survivors (2048K)
 Metaspace       used 43763K, committed 44160K, reserved 1114112K
  class space    used 5893K, committed 6080K, reserved 1048576K
}
Event: 10.463 GC heap after
{Heap after GC invocations=14 (full 0):
 garbage-first heap   total 73728K, used 44603K [0x0000000080000000, 0x0000000100000000)
  region size 1024K, 2 young (2048K), 2 survivors (2048K)
 Metaspace       used 43763K, committed 44160K, reserved 1114112K
  class space    used 5893K, committed 6080K, reserved 1048576K
}
Event: 10.629 GC heap before
{Heap before GC invocations=15 (full 0):
 garbage-first heap   total 78848K, used 48699K [0x0000000080000000, 0x0000000100000000)
  region size 1024K, 7 young (7168K), 2 survivors (2048K)
 Metaspace       used 44172K, committed 44544K, reserved 1114112K
  class space    used 5938K, committed 6144K, reserved 1048576K
}
Event: 10.632 GC heap after
{Heap after GC invocations=16 (full 0):
 garbage-first heap   total 78848K, used 45809K [0x0000000080000000, 0x0000000100000000)
  region size 1024K, 2 young (2048K), 2 survivors (2048K)
 Metaspace       used 44172K, committed 44544K, reserved 1114112K
  class space    used 5938K, committed 6144K, reserved 1048576K
}
Event: 11.289 GC heap before
{Heap before GC invocations=17 (full 0):
 garbage-first heap   total 89088K, used 67313K [0x0000000080000000, 0x0000000100000000)
  region size 1024K, 19 young (19456K), 2 survivors (2048K)
 Metaspace       used 47251K, committed 47616K, reserved 1114112K
  class space    used 6285K, committed 6464K, reserved 1048576K
}
Event: 11.292 GC heap after
{Heap after GC invocations=18 (full 0):
 garbage-first heap   total 89088K, used 46426K [0x0000000080000000, 0x0000000100000000)
  region size 1024K, 2 young (2048K), 2 survivors (2048K)
 Metaspace       used 47251K, committed 47616K, reserved 1114112K
  class space    used 6285K, committed 6464K, reserved 1048576K
}
Event: 12.104 GC heap before
{Heap before GC invocations=18 (full 0):
 garbage-first heap   total 89088K, used 71002K [0x0000000080000000, 0x0000000100000000)
  region size 1024K, 27 young (27648K), 2 survivors (2048K)
 Metaspace       used 50145K, committed 50560K, reserved 1114112K
  class space    used 6782K, committed 6976K, reserved 1048576K
}
Event: 12.109 GC heap after
{Heap after GC invocations=19 (full 0):
 garbage-first heap   total 107520K, used 47936K [0x0000000080000000, 0x0000000100000000)
  region size 1024K, 4 young (4096K), 4 survivors (4096K)
 Metaspace       used 50145K, committed 50560K, reserved 1114112K
  class space    used 6782K, committed 6976K, reserved 1048576K
}
Event: 12.345 GC heap before
{Heap before GC invocations=20 (full 0):
 garbage-first heap   total 107520K, used 55104K [0x0000000080000000, 0x0000000100000000)
  region size 1024K, 9 young (9216K), 4 survivors (4096K)
 Metaspace       used 50254K, committed 50688K, reserved 1114112K
  class space    used 6788K, committed 6976K, reserved 1048576K
}
Event: 12.349 GC heap after
{Heap after GC invocations=21 (full 0):
 garbage-first heap   total 107520K, used 52922K [0x0000000080000000, 0x0000000100000000)
  region size 1024K, 5 young (5120K), 5 survivors (5120K)
 Metaspace       used 50254K, committed 50688K, reserved 1114112K
  class space    used 6788K, committed 6976K, reserved 1048576K
}
Event: 12.608 GC heap before
{Heap before GC invocations=22 (full 0):
 garbage-first heap   total 107520K, used 64186K [0x0000000080000000, 0x0000000100000000)
  region size 1024K, 14 young (14336K), 5 survivors (5120K)
 Metaspace       used 50624K, committed 51072K, reserved 1114112K
  class space    used 6846K, committed 7040K, reserved 1048576K
}
Event: 12.613 GC heap after
{Heap after GC invocations=23 (full 0):
 garbage-first heap   total 107520K, used 57900K [0x0000000080000000, 0x0000000100000000)
  region size 1024K, 4 young (4096K), 4 survivors (4096K)
 Metaspace       used 50624K, committed 51072K, reserved 1114112K
  class space    used 6846K, committed 7040K, reserved 1048576K
}
Event: 12.722 GC heap before
{Heap before GC invocations=24 (full 0):
 garbage-first heap   total 107520K, used 64044K [0x0000000080000000, 0x0000000100000000)
  region size 1024K, 9 young (9216K), 4 survivors (4096K)
 Metaspace       used 50975K, committed 51456K, reserved 1114112K
  class space    used 6870K, committed 7104K, reserved 1048576K
}
Event: 12.724 GC heap after
{Heap after GC invocations=25 (full 0):
 garbage-first heap   total 107520K, used 62292K [0x0000000080000000, 0x0000000100000000)
  region size 1024K, 4 young (4096K), 4 survivors (4096K)
 Metaspace       used 50975K, committed 51456K, reserved 1114112K
  class space    used 6870K, committed 7104K, reserved 1048576K
}
Event: 13.207 GC heap before
{Heap before GC invocations=26 (full 0):
 garbage-first heap   total 114688K, used 82772K [0x0000000080000000, 0x0000000100000000)
  region size 1024K, 22 young (22528K), 4 survivors (4096K)
 Metaspace       used 53181K, committed 53696K, reserved 1114112K
  class space    used 7101K, committed 7360K, reserved 1048576K
}
Event: 13.211 GC heap after
{Heap after GC invocations=27 (full 0):
 garbage-first heap   total 114688K, used 62439K [0x0000000080000000, 0x0000000100000000)
  region size 1024K, 2 young (2048K), 2 survivors (2048K)
 Metaspace       used 53181K, committed 53696K, reserved 1114112K
  class space    used 7101K, committed 7360K, reserved 1048576K
}
Event: 13.954 GC heap before
{Heap before GC invocations=27 (full 0):
 garbage-first heap   total 114688K, used 87015K [0x0000000080000000, 0x0000000100000000)
  region size 1024K, 26 young (26624K), 2 survivors (2048K)
 Metaspace       used 56103K, committed 56768K, reserved 1114112K
  class space    used 7749K, committed 8064K, reserved 1048576K
}
Event: 13.957 GC heap after
{Heap after GC invocations=28 (full 0):
 garbage-first heap   total 114688K, used 63250K [0x0000000080000000, 0x0000000100000000)
  region size 1024K, 3 young (3072K), 3 survivors (3072K)
 Metaspace       used 56103K, committed 56768K, reserved 1114112K
  class space    used 7749K, committed 8064K, reserved 1048576K
}

