# JRE version: OpenJDK Runtime Environment (17.0.10) (build 17.0.10+0--11572160)
# Java VM: OpenJDK 64-Bit Server VM (17.0.10+0--11572160, mixed mode, tiered, compressed oops, compressed class ptrs, g1 gc, windows-amd64)
GC Precious Log:
 CPUs: 8 total, 8 available
 Memory: 16269M
 Large Page Support: Disabled
 NUMA Support: Disabled
 Compressed Oops: Enabled (32-bit)
 Heap Region Size: 1M
 Heap Min Capacity: 8M
 Heap Initial Capacity: 256M
 Heap Max Capacity: 2G
 Pre-touch: Disabled
 Parallel Workers: 8
 Concurrent Workers: 2
 Concurrent Refinement Workers: 8
 Periodic GC: Disabled
Heap:
 garbage-first heap   total 217088K, used 155360K [0x0000000080000000, 0x0000000100000000)
  region size 1024K, 35 young (35840K), 7 survivors (7168K)
 Metaspace       used 131153K, committed 131904K, reserved 1179648K
  class space    used 16917K, committed 17280K, reserved 1048576K
GC Heap History (20 events):
Event: 17.366 GC heap before
{Heap before GC invocations=30 (full 0):
 garbage-first heap   total 178176K, used 129012K [0x0000000080000000, 0x0000000100000000)
  region size 1024K, 40 young (40960K), 5 survivors (5120K)
 Metaspace       used 91076K, committed 91712K, reserved 1179648K
  class space    used 12194K, committed 12480K, reserved 1048576K
}
Event: 17.372 GC heap after
{Heap after GC invocations=31 (full 0):
 garbage-first heap   total 178176K, used 94122K [0x0000000080000000, 0x0000000100000000)
  region size 1024K, 3 young (3072K), 3 survivors (3072K)
 Metaspace       used 91076K, committed 91712K, reserved 1179648K
  class space    used 12194K, committed 12480K, reserved 1048576K
}
Event: 18.094 GC heap before
{Heap before GC invocations=31 (full 0):
 garbage-first heap   total 178176K, used 144298K [0x0000000080000000, 0x0000000100000000)
  region size 1024K, 52 young (53248K), 3 survivors (3072K)
 Metaspace       used 94677K, committed 95360K, reserved 1179648K
  class space    used 12586K, committed 12864K, reserved 1048576K
}
Event: 18.099 GC heap after
{Heap after GC invocations=32 (full 0):
 garbage-first heap   total 178176K, used 97785K [0x0000000080000000, 0x0000000100000000)
  region size 1024K, 6 young (6144K), 6 survivors (6144K)
 Metaspace       used 94677K, committed 95360K, reserved 1179648K
  class space    used 12586K, committed 12864K, reserved 1048576K
}
Event: 18.802 GC heap before
{Heap before GC invocations=32 (full 0):
 garbage-first heap   total 178176K, used 145913K [0x0000000080000000, 0x0000000100000000)
  region size 1024K, 53 young (54272K), 6 survivors (6144K)
 Metaspace       used 100364K, committed 100992K, reserved 1179648K
  class space    used 13164K, committed 13440K, reserved 1048576K
}
Event: 18.808 GC heap after
{Heap after GC invocations=33 (full 0):
 garbage-first heap   total 178176K, used 100901K [0x0000000080000000, 0x0000000100000000)
  region size 1024K, 4 young (4096K), 4 survivors (4096K)
 Metaspace       used 100364K, committed 100992K, reserved 1179648K
  class space    used 13164K, committed 13440K, reserved 1048576K
}
Event: 19.519 GC heap before
{Heap before GC invocations=33 (full 0):
 garbage-first heap   total 178176K, used 144933K [0x0000000080000000, 0x0000000100000000)
  region size 1024K, 48 young (49152K), 4 survivors (4096K)
 Metaspace       used 106758K, committed 107392K, reserved 1179648K
  class space    used 13881K, committed 14144K, reserved 1048576K
}
Event: 19.523 GC heap after
{Heap after GC invocations=34 (full 0):
 garbage-first heap   total 178176K, used 101745K [0x0000000080000000, 0x0000000100000000)
  region size 1024K, 5 young (5120K), 5 survivors (5120K)
 Metaspace       used 106758K, committed 107392K, reserved 1179648K
  class space    used 13881K, committed 14144K, reserved 1048576K
}
Event: 20.309 GC heap before
{Heap before GC invocations=35 (full 0):
 garbage-first heap   total 181248K, used 147825K [0x0000000080000000, 0x0000000100000000)
  region size 1024K, 50 young (51200K), 5 survivors (5120K)
 Metaspace       used 113037K, committed 113664K, reserved 1179648K
  class space    used 14548K, committed 14848K, reserved 1048576K
}
Event: 20.314 GC heap after
{Heap after GC invocations=36 (full 0):
 garbage-first heap   total 181248K, used 102217K [0x0000000080000000, 0x0000000100000000)
  region size 1024K, 2 young (2048K), 2 survivors (2048K)
 Metaspace       used 113037K, committed 113664K, reserved 1179648K
  class space    used 14548K, committed 14848K, reserved 1048576K
}
Event: 20.465 GC heap before
{Heap before GC invocations=36 (full 0):
 garbage-first heap   total 181248K, used 116553K [0x0000000080000000, 0x0000000100000000)
  region size 1024K, 17 young (17408K), 2 survivors (2048K)
 Metaspace       used 113115K, committed 113728K, reserved 1179648K
  class space    used 14548K, committed 14848K, reserved 1048576K
}
Event: 20.470 GC heap after
{Heap after GC invocations=37 (full 0):
 garbage-first heap   total 181248K, used 105166K [0x0000000080000000, 0x0000000100000000)
  region size 1024K, 5 young (5120K), 5 survivors (5120K)
 Metaspace       used 113115K, committed 113728K, reserved 1179648K
  class space    used 14548K, committed 14848K, reserved 1048576K
}
Event: 20.806 GC heap before
{Heap before GC invocations=38 (full 0):
 garbage-first heap   total 217088K, used 150222K [0x0000000080000000, 0x0000000100000000)
  region size 1024K, 48 young (49152K), 5 survivors (5120K)
 Metaspace       used 113293K, committed 113984K, reserved 1179648K
  class space    used 14548K, committed 14848K, reserved 1048576K
}
Event: 20.814 GC heap after
{Heap after GC invocations=39 (full 0):
 garbage-first heap   total 217088K, used 108603K [0x0000000080000000, 0x0000000100000000)
  region size 1024K, 6 young (6144K), 6 survivors (6144K)
 Metaspace       used 113293K, committed 113984K, reserved 1179648K
  class space    used 14548K, committed 14848K, reserved 1048576K
}
Event: 22.163 GC heap before
{Heap before GC invocations=39 (full 0):
 garbage-first heap   total 217088K, used 175163K [0x0000000080000000, 0x0000000100000000)
  region size 1024K, 72 young (73728K), 6 survivors (6144K)
 Metaspace       used 121581K, committed 122240K, reserved 1179648K
  class space    used 15699K, committed 16000K, reserved 1048576K
}
Event: 22.170 GC heap after
{Heap after GC invocations=40 (full 0):
 garbage-first heap   total 217088K, used 114251K [0x0000000080000000, 0x0000000100000000)
  region size 1024K, 9 young (9216K), 9 survivors (9216K)
 Metaspace       used 121581K, committed 122240K, reserved 1179648K
  class space    used 15699K, committed 16000K, reserved 1048576K
}
Event: 23.682 GC heap before
{Heap before GC invocations=40 (full 0):
 garbage-first heap   total 217088K, used 175691K [0x0000000080000000, 0x0000000100000000)
  region size 1024K, 70 young (71680K), 9 survivors (9216K)
 Metaspace       used 127773K, committed 128512K, reserved 1179648K
  class space    used 16490K, committed 16832K, reserved 1048576K
}
Event: 23.692 GC heap after
{Heap after GC invocations=41 (full 0):
 garbage-first heap   total 217088K, used 118372K [0x0000000080000000, 0x0000000100000000)
  region size 1024K, 5 young (5120K), 5 survivors (5120K)
 Metaspace       used 127773K, committed 128512K, reserved 1179648K
  class space    used 16490K, committed 16832K, reserved 1048576K
}
Event: 25.108 GC heap before
{Heap before GC invocations=41 (full 0):
 garbage-first heap   total 217088K, used 177764K [0x0000000080000000, 0x0000000100000000)
  region size 1024K, 64 young (65536K), 5 survivors (5120K)
 Metaspace       used 130736K, committed 131456K, reserved 1179648K
  class space    used 16863K, committed 17216K, reserved 1048576K
}
Event: 25.118 GC heap after
{Heap after GC invocations=42 (full 0):
 garbage-first heap   total 217088K, used 124640K [0x0000000080000000, 0x0000000100000000)
  region size 1024K, 7 young (7168K), 7 survivors (7168K)
 Metaspace       used 130736K, committed 131456K, reserved 1179648K
  class space    used 16863K, committed 17216K, reserved 1048576K
}

